<?xml version="1.0" encoding="UTF-8"?>
<testng-results skipped="0" failed="0" total="1" passed="1">
  <reporter-output>
  </reporter-output>
  <suite name="Default suite" duration-ms="78" started-at="2019-03-05T05:21:45Z" finished-at="2019-03-05T05:21:45Z">
    <groups>
    </groups>
    <test name="Default test" duration-ms="78" started-at="2019-03-05T05:21:45Z" finished-at="2019-03-05T05:21:45Z">
      <class name="Temp.SampleTestngUsage">
        <test-method status="PASS" signature="setUp()[pri:0, instance:Temp.SampleTestngUsage@6ddf90b0]" name="setUp" is-config="true" duration-ms="48" started-at="2019-03-05T10:51:45Z" finished-at="2019-03-05T10:51:45Z">
          <reporter-output>
          </reporter-output>
        </test-method> <!-- setUp -->
        <test-method status="PASS" signature="sample()[pri:0, instance:Temp.SampleTestngUsage@6ddf90b0]" name="sample" duration-ms="0" started-at="2019-03-05T10:51:45Z" finished-at="2019-03-05T10:51:45Z">
          <reporter-output>
          </reporter-output>
        </test-method> <!-- sample -->
      </class> <!-- Temp.SampleTestngUsage -->
    </test> <!-- Default test -->
  </suite> <!-- Default suite -->
</testng-results>
