<?xml version="1.0" encoding="UTF-8"?>
<!-- Generated by org.testng.reporters.JUnitXMLReporter -->
<testsuite hostname="DESKTOP-2TR3QCD" name="Verify addition and subtraction of 2 numbers" tests="4" failures="0" timestamp="4 Mar 2019 06:58:46 GMT" time="0.096" errors="0">
  <testcase name="addition" time="0.052" classname="Temp.MathB"/>
  <testcase name="subtract" time="0.004" classname="Temp.MathB"/>
  <testcase name="Division" time="0.004" classname="Temp.MathA"/>
  <testcase name="Multiplication" time="0.0" classname="Temp.MathA"/>
</testsuite> <!-- Verify addition and subtraction of 2 numbers -->
